# JRE version: Java(TM) SE Runtime Environment (8.0_111-b14) (build 1.8.0_111-b14)
# Java VM: Java HotSpot(TM) 64-Bit Server VM (25.111-b14 mixed mode windows-amd64 compressed oops)
Heap:
 PSYoungGen      total 218112K, used 218084K [0x00000000d6f00000, 0x00000000ea800000, 0x0000000100000000)
  eden space 205824K, 100% used [0x00000000d6f00000,0x00000000e3800000,0x00000000e3800000)
  from space 12288K, 99% used [0x00000000e3800000,0x00000000e43f9050,0x00000000e4400000)
  to   space 14336K, 91% used [0x00000000e9a00000,0x00000000ea6d5898,0x00000000ea800000)
 ParOldGen       total 64512K, used 14933K [0x0000000084c00000, 0x0000000088b00000, 0x00000000d6f00000)
  object space 64512K, 23% used [0x0000000084c00000,0x0000000085a95720,0x0000000088b00000)
 Metaspace       used 47957K, capacity 50434K, committed 50600K, reserved 1093632K
  class space    used 6589K, capacity 7035K, committed 7088K, reserved 1048576K
GC Heap History (10 events):
Event: 4.572 GC heap after
Heap after GC invocations=7 (full 1):
 PSYoungGen      total 122880K, used 6714K [0x00000000d6f00000, 0x00000000dfb00000, 0x0000000100000000)
  eden space 115712K, 0% used [0x00000000d6f00000,0x00000000d6f00000,0x00000000de000000)
  from space 7168K, 93% used [0x00000000df400000,0x00000000dfa8e868,0x00000000dfb00000)
  to   space 9216K, 0% used [0x00000000de900000,0x00000000de900000,0x00000000df200000)
 ParOldGen       total 49152K, used 8488K [0x0000000084c00000, 0x0000000087c00000, 0x00000000d6f00000)
  object space 49152K, 17% used [0x0000000084c00000,0x000000008544a370,0x0000000087c00000)
 Metaspace       used 25703K, capacity 26424K, committed 26544K, reserved 1073152K
  class space    used 3300K, capacity 3480K, committed 3504K, reserved 1048576K
}
Event: 6.557 GC heap before
{Heap before GC invocations=8 (full 1):
 PSYoungGen      total 122880K, used 122426K [0x00000000d6f00000, 0x00000000dfb00000, 0x0000000100000000)
  eden space 115712K, 100% used [0x00000000d6f00000,0x00000000de000000,0x00000000de000000)
  from space 7168K, 93% used [0x00000000df400000,0x00000000dfa8e868,0x00000000dfb00000)
  to   space 9216K, 0% used [0x00000000de900000,0x00000000de900000,0x00000000df200000)
 ParOldGen       total 49152K, used 8488K [0x0000000084c00000, 0x0000000087c00000, 0x00000000d6f00000)
  object space 49152K, 17% used [0x0000000084c00000,0x000000008544a370,0x0000000087c00000)
 Metaspace       used 32933K, capacity 34096K, committed 34352K, reserved 1079296K
  class space    used 4332K, capacity 4588K, committed 4656K, reserved 1048576K
Event: 6.573 GC heap after
Heap after GC invocations=8 (full 1):
 PSYoungGen      total 134144K, used 9195K [0x00000000d6f00000, 0x00000000e5000000, 0x0000000100000000)
  eden space 124928K, 0% used [0x00000000d6f00000,0x00000000d6f00000,0x00000000de900000)
  from space 9216K, 99% used [0x00000000de900000,0x00000000df1faeb8,0x00000000df200000)
  to   space 12288K, 0% used [0x00000000e4400000,0x00000000e4400000,0x00000000e5000000)
 ParOldGen       total 49152K, used 12038K [0x0000000084c00000, 0x0000000087c00000, 0x00000000d6f00000)
  object space 49152K, 24% used [0x0000000084c00000,0x00000000857c1b68,0x0000000087c00000)
 Metaspace       used 32933K, capacity 34096K, committed 34352K, reserved 1079296K
  class space    used 4332K, capacity 4588K, committed 4656K, reserved 1048576K
}
Event: 6.804 GC heap before
{Heap before GC invocations=9 (full 1):
 PSYoungGen      total 134144K, used 34360K [0x00000000d6f00000, 0x00000000e5000000, 0x0000000100000000)
  eden space 124928K, 20% used [0x00000000d6f00000,0x00000000d8793440,0x00000000de900000)
  from space 9216K, 99% used [0x00000000de900000,0x00000000df1faeb8,0x00000000df200000)
  to   space 12288K, 0% used [0x00000000e4400000,0x00000000e4400000,0x00000000e5000000)
 ParOldGen       total 49152K, used 12038K [0x0000000084c00000, 0x0000000087c00000, 0x00000000d6f00000)
  object space 49152K, 24% used [0x0000000084c00000,0x00000000857c1b68,0x0000000087c00000)
 Metaspace       used 33871K, capacity 35390K, committed 35496K, reserved 1079296K
  class space    used 4486K, capacity 4763K, committed 4784K, reserved 1048576K
Event: 6.821 GC heap after
Heap after GC invocations=9 (full 1):
 PSYoungGen      total 218112K, used 8324K [0x00000000d6f00000, 0x00000000e6080000, 0x0000000100000000)
  eden space 205824K, 0% used [0x00000000d6f00000,0x00000000d6f00000,0x00000000e3800000)
  from space 12288K, 67% used [0x00000000e4400000,0x00000000e4c21040,0x00000000e5000000)
  to   space 12288K, 0% used [0x00000000e3800000,0x00000000e3800000,0x00000000e4400000)
 ParOldGen       total 49152K, used 12038K [0x0000000084c00000, 0x0000000087c00000, 0x00000000d6f00000)
  object space 49152K, 24% used [0x0000000084c00000,0x00000000857c1b68,0x0000000087c00000)
 Metaspace       used 33871K, capacity 35390K, committed 35496K, reserved 1079296K
  class space    used 4486K, capacity 4763K, committed 4784K, reserved 1048576K
}
Event: 6.821 GC heap before
{Heap before GC invocations=10 (full 2):
 PSYoungGen      total 218112K, used 8324K [0x00000000d6f00000, 0x00000000e6080000, 0x0000000100000000)
  eden space 205824K, 0% used [0x00000000d6f00000,0x00000000d6f00000,0x00000000e3800000)
  from space 12288K, 67% used [0x00000000e4400000,0x00000000e4c21040,0x00000000e5000000)
  to   space 12288K, 0% used [0x00000000e3800000,0x00000000e3800000,0x00000000e4400000)
 ParOldGen       total 49152K, used 12038K [0x0000000084c00000, 0x0000000087c00000, 0x00000000d6f00000)
  object space 49152K, 24% used [0x0000000084c00000,0x00000000857c1b68,0x0000000087c00000)
 Metaspace       used 33871K, capacity 35390K, committed 35496K, reserved 1079296K
  class space    used 4486K, capacity 4763K, committed 4784K, reserved 1048576K
Event: 6.907 GC heap after
Heap after GC invocations=10 (full 2):
 PSYoungGen      total 218112K, used 0K [0x00000000d6f00000, 0x00000000e6080000, 0x0000000100000000)
  eden space 205824K, 0% used [0x00000000d6f00000,0x00000000d6f00000,0x00000000e3800000)
  from space 12288K, 0% used [0x00000000e4400000,0x00000000e4400000,0x00000000e5000000)
  to   space 12288K, 0% used [0x00000000e3800000,0x00000000e3800000,0x00000000e4400000)
 ParOldGen       total 64512K, used 13116K [0x0000000084c00000, 0x0000000088b00000, 0x00000000d6f00000)
  object space 64512K, 20% used [0x0000000084c00000,0x00000000858cf0d0,0x0000000088b00000)
 Metaspace       used 33871K, capacity 35390K, committed 35496K, reserved 1079296K
  class space    used 4486K, capacity 4763K, committed 4784K, reserved 1048576K
}
Event: 8.981 GC heap before
{Heap before GC invocations=11 (full 2):
 PSYoungGen      total 218112K, used 205824K [0x00000000d6f00000, 0x00000000e6080000, 0x0000000100000000)
  eden space 205824K, 100% used [0x00000000d6f00000,0x00000000e3800000,0x00000000e3800000)
  from space 12288K, 0% used [0x00000000e4400000,0x00000000e4400000,0x00000000e5000000)
  to   space 12288K, 0% used [0x00000000e3800000,0x00000000e3800000,0x00000000e4400000)
 ParOldGen       total 64512K, used 13116K [0x0000000084c00000, 0x0000000088b00000, 0x00000000d6f00000)
  object space 64512K, 20% used [0x0000000084c00000,0x00000000858cf0d0,0x0000000088b00000)
 Metaspace       used 42494K, capacity 44672K, committed 44840K, reserved 1087488K
  class space    used 5747K, capacity 6150K, committed 6192K, reserved 1048576K
Event: 9.002 GC heap after
Heap after GC invocations=11 (full 2):
 PSYoungGen      total 218112K, used 12260K [0x00000000d6f00000, 0x00000000ea800000, 0x0000000100000000)
  eden space 205824K, 0% used [0x00000000d6f00000,0x00000000d6f00000,0x00000000e3800000)
  from space 12288K, 99% used [0x00000000e3800000,0x00000000e43f9050,0x00000000e4400000)
  to   space 14336K, 0% used [0x00000000e9a00000,0x00000000e9a00000,0x00000000ea800000)
 ParOldGen       total 64512K, used 14925K [0x0000000084c00000, 0x0000000088b00000, 0x00000000d6f00000)
  object space 64512K, 23% used [0x0000000084c00000,0x0000000085a93720,0x0000000088b00000)
 Metaspace       used 42494K, capacity 44672K, committed 44840K, reserved 1087488K
  class space    used 5747K, capacity 6150K, committed 6192K, reserved 1048576K
}
Event: 85.284 GC heap before
{Heap before GC invocations=12 (full 2):
 PSYoungGen      total 218112K, used 218084K [0x00000000d6f00000, 0x00000000ea800000, 0x0000000100000000)
  eden space 205824K, 100% used [0x00000000d6f00000,0x00000000e3800000,0x00000000e3800000)
  from space 12288K, 99% used [0x00000000e3800000,0x00000000e43f9050,0x00000000e4400000)
  to   space 14336K, 0% used [0x00000000e9a00000,0x00000000e9a00000,0x00000000ea800000)
 ParOldGen       total 64512K, used 14925K [0x0000000084c00000, 0x0000000088b00000, 0x00000000d6f00000)
  object space 64512K, 23% used [0x0000000084c00000,0x0000000085a93720,0x0000000088b00000)
 Metaspace       used 47957K, capacity 50434K, committed 50600K, reserved 1093632K
  class space    used 6589K, capacity 7035K, committed 7088K, reserved 1048576K

