# JRE version: Java(TM) SE Runtime Environment (8.0_111-b14) (build 1.8.0_111-b14)
# Java VM: Java HotSpot(TM) 64-Bit Server VM (25.111-b14 mixed mode windows-amd64 compressed oops)
Heap:
 PSYoungGen      total 300544K, used 29951K [0x00000000d6f00000, 0x00000000ebf80000, 0x0000000100000000)
  eden space 270336K, 0% used [0x00000000d6f00000,0x00000000d6f00000,0x00000000e7700000)
  from space 30208K, 99% used [0x00000000e9900000,0x00000000eb63ff00,0x00000000eb680000)
  to   space 34816K, 0% used [0x00000000e7700000,0x00000000e7700000,0x00000000e9900000)
 ParOldGen       total 85504K, used 35555K [0x0000000084c00000, 0x0000000089f80000, 0x00000000d6f00000)
  object space 85504K, 41% used [0x0000000084c00000,0x0000000086eb8d50,0x0000000089f80000)
 Metaspace       used 33449K, capacity 34542K, committed 34688K, reserved 1079296K
  class space    used 3878K, capacity 4208K, committed 4224K, reserved 1048576K
GC Heap History (10 events):
Event: 5.096 GC heap after
Heap after GC invocations=5 (full 0):
 PSYoungGen      total 132096K, used 5096K [0x00000000d6f00000, 0x00000000e8b00000, 0x0000000100000000)
  eden space 126976K, 0% used [0x00000000d6f00000,0x00000000d6f00000,0x00000000deb00000)
  from space 5120K, 99% used [0x00000000deb00000,0x00000000deffa040,0x00000000df000000)
  to   space 18432K, 0% used [0x00000000e7900000,0x00000000e7900000,0x00000000e8b00000)
 ParOldGen       total 84992K, used 26426K [0x0000000084c00000, 0x0000000089f00000, 0x00000000d6f00000)
  object space 84992K, 31% used [0x0000000084c00000,0x00000000865ce840,0x0000000089f00000)
 Metaspace       used 20673K, capacity 21090K, committed 21296K, reserved 1069056K
  class space    used 2483K, capacity 2617K, committed 2688K, reserved 1048576K
}
Event: 5.096 GC heap before
{Heap before GC invocations=6 (full 1):
 PSYoungGen      total 132096K, used 5096K [0x00000000d6f00000, 0x00000000e8b00000, 0x0000000100000000)
  eden space 126976K, 0% used [0x00000000d6f00000,0x00000000d6f00000,0x00000000deb00000)
  from space 5120K, 99% used [0x00000000deb00000,0x00000000deffa040,0x00000000df000000)
  to   space 18432K, 0% used [0x00000000e7900000,0x00000000e7900000,0x00000000e8b00000)
 ParOldGen       total 84992K, used 26426K [0x0000000084c00000, 0x0000000089f00000, 0x00000000d6f00000)
  object space 84992K, 31% used [0x0000000084c00000,0x00000000865ce840,0x0000000089f00000)
 Metaspace       used 20673K, capacity 21090K, committed 21296K, reserved 1069056K
  class space    used 2483K, capacity 2617K, committed 2688K, reserved 1048576K
Event: 5.219 GC heap after
Heap after GC invocations=6 (full 1):
 PSYoungGen      total 132096K, used 0K [0x00000000d6f00000, 0x00000000e8b00000, 0x0000000100000000)
  eden space 126976K, 0% used [0x00000000d6f00000,0x00000000d6f00000,0x00000000deb00000)
  from space 5120K, 0% used [0x00000000deb00000,0x00000000deb00000,0x00000000df000000)
  to   space 18432K, 0% used [0x00000000e7900000,0x00000000e7900000,0x00000000e8b00000)
 ParOldGen       total 85504K, used 24813K [0x0000000084c00000, 0x0000000089f80000, 0x00000000d6f00000)
  object space 85504K, 29% used [0x0000000084c00000,0x000000008643b6b8,0x0000000089f80000)
 Metaspace       used 20673K, capacity 21090K, committed 21296K, reserved 1069056K
  class space    used 2483K, capacity 2617K, committed 2688K, reserved 1048576K
}
Event: 7.188 GC heap before
{Heap before GC invocations=7 (full 1):
 PSYoungGen      total 132096K, used 126976K [0x00000000d6f00000, 0x00000000e8b00000, 0x0000000100000000)
  eden space 126976K, 100% used [0x00000000d6f00000,0x00000000deb00000,0x00000000deb00000)
  from space 5120K, 0% used [0x00000000deb00000,0x00000000deb00000,0x00000000df000000)
  to   space 18432K, 0% used [0x00000000e7900000,0x00000000e7900000,0x00000000e8b00000)
 ParOldGen       total 85504K, used 24813K [0x0000000084c00000, 0x0000000089f80000, 0x00000000d6f00000)
  object space 85504K, 29% used [0x0000000084c00000,0x000000008643b6b8,0x0000000089f80000)
 Metaspace       used 24542K, capacity 25110K, committed 25344K, reserved 1071104K
  class space    used 2868K, capacity 3037K, committed 3072K, reserved 1048576K
Event: 7.225 GC heap after
Heap after GC invocations=7 (full 1):
 PSYoungGen      total 206848K, used 17147K [0x00000000d6f00000, 0x00000000e8a00000, 0x0000000100000000)
  eden space 189440K, 0% used [0x00000000d6f00000,0x00000000d6f00000,0x00000000e2800000)
  from space 17408K, 98% used [0x00000000e7900000,0x00000000e89bef78,0x00000000e8a00000)
  to   space 20992K, 0% used [0x00000000e6100000,0x00000000e6100000,0x00000000e7580000)
 ParOldGen       total 85504K, used 24821K [0x0000000084c00000, 0x0000000089f80000, 0x00000000d6f00000)
  object space 85504K, 29% used [0x0000000084c00000,0x000000008643d6b8,0x0000000089f80000)
 Metaspace       used 24542K, capacity 25110K, committed 25344K, reserved 1071104K
  class space    used 2868K, capacity 3037K, committed 3072K, reserved 1048576K
}
Event: 10.109 GC heap before
{Heap before GC invocations=8 (full 1):
 PSYoungGen      total 206848K, used 206587K [0x00000000d6f00000, 0x00000000e8a00000, 0x0000000100000000)
  eden space 189440K, 100% used [0x00000000d6f00000,0x00000000e2800000,0x00000000e2800000)
  from space 17408K, 98% used [0x00000000e7900000,0x00000000e89bef78,0x00000000e8a00000)
  to   space 20992K, 0% used [0x00000000e6100000,0x00000000e6100000,0x00000000e7580000)
 ParOldGen       total 85504K, used 24821K [0x0000000084c00000, 0x0000000089f80000, 0x00000000d6f00000)
  object space 85504K, 29% used [0x0000000084c00000,0x000000008643d6b8,0x0000000089f80000)
 Metaspace       used 27457K, capacity 28260K, committed 28544K, reserved 1075200K
  class space    used 3166K, capacity 3406K, committed 3456K, reserved 1048576K
Event: 10.138 GC heap after
Heap after GC invocations=8 (full 1):
 PSYoungGen      total 268800K, used 20985K [0x00000000d6f00000, 0x00000000eb680000, 0x0000000100000000)
  eden space 247808K, 0% used [0x00000000d6f00000,0x00000000d6f00000,0x00000000e6100000)
  from space 20992K, 99% used [0x00000000e6100000,0x00000000e757e530,0x00000000e7580000)
  to   space 30208K, 0% used [0x00000000e9900000,0x00000000e9900000,0x00000000eb680000)
 ParOldGen       total 85504K, used 35555K [0x0000000084c00000, 0x0000000089f80000, 0x00000000d6f00000)
  object space 85504K, 41% used [0x0000000084c00000,0x0000000086eb8d50,0x0000000089f80000)
 Metaspace       used 27457K, capacity 28260K, committed 28544K, reserved 1075200K
  class space    used 3166K, capacity 3406K, committed 3456K, reserved 1048576K
}
Event: 21.212 GC heap before
{Heap before GC invocations=9 (full 1):
 PSYoungGen      total 268800K, used 205205K [0x00000000d6f00000, 0x00000000eb680000, 0x0000000100000000)
  eden space 247808K, 74% used [0x00000000d6f00000,0x00000000e22e7168,0x00000000e6100000)
  from space 20992K, 99% used [0x00000000e6100000,0x00000000e757e530,0x00000000e7580000)
  to   space 30208K, 0% used [0x00000000e9900000,0x00000000e9900000,0x00000000eb680000)
 ParOldGen       total 85504K, used 35555K [0x0000000084c00000, 0x0000000089f80000, 0x00000000d6f00000)
  object space 85504K, 41% used [0x0000000084c00000,0x0000000086eb8d50,0x0000000089f80000)
 Metaspace       used 33449K, capacity 34542K, committed 34688K, reserved 1079296K
  class space    used 3878K, capacity 4208K, committed 4224K, reserved 1048576K
Event: 21.328 GC heap after
Heap after GC invocations=9 (full 1):
 PSYoungGen      total 300544K, used 29951K [0x00000000d6f00000, 0x00000000ebf80000, 0x0000000100000000)
  eden space 270336K, 0% used [0x00000000d6f00000,0x00000000d6f00000,0x00000000e7700000)
  from space 30208K, 99% used [0x00000000e9900000,0x00000000eb63ff00,0x00000000eb680000)
  to   space 34816K, 0% used [0x00000000e7700000,0x00000000e7700000,0x00000000e9900000)
 ParOldGen       total 85504K, used 35555K [0x0000000084c00000, 0x0000000089f80000, 0x00000000d6f00000)
  object space 85504K, 41% used [0x0000000084c00000,0x0000000086eb8d50,0x0000000089f80000)
 Metaspace       used 33449K, capacity 34542K, committed 34688K, reserved 1079296K
  class space    used 3878K, capacity 4208K, committed 4224K, reserved 1048576K
}
Event: 21.328 GC heap before
{Heap before GC invocations=10 (full 2):
 PSYoungGen      total 300544K, used 29951K [0x00000000d6f00000, 0x00000000ebf80000, 0x0000000100000000)
  eden space 270336K, 0% used [0x00000000d6f00000,0x00000000d6f00000,0x00000000e7700000)
  from space 30208K, 99% used [0x00000000e9900000,0x00000000eb63ff00,0x00000000eb680000)
  to   space 34816K, 0% used [0x00000000e7700000,0x00000000e7700000,0x00000000e9900000)
 ParOldGen       total 85504K, used 35555K [0x0000000084c00000, 0x0000000089f80000, 0x00000000d6f00000)
  object space 85504K, 41% used [0x0000000084c00000,0x0000000086eb8d50,0x0000000089f80000)
 Metaspace       used 33449K, capacity 34542K, committed 34688K, reserved 1079296K
  class space    used 3878K, capacity 4208K, committed 4224K, reserved 1048576K

